

Microchip MPLAB XC8 Assembler V2.36 build 20220127204148 
                                                                                               Thu Mar 10 15:37:33 2022

Microchip MPLAB XC8 C Compiler v2.36 (Free license) build 20220127204148 Og1 
     1                           	processor	18F44K22
     2                           	fnconf	rparam,??,?,0
     3                           	pagewidth 120
     4                           	opt	flic
     5                           	psect	cinit,global,reloc=2,class=CODE,delta=1
     6                           	psect	bssCOMRAM,global,class=COMRAM,space=1,delta=1,lowdata,noexec
     7                           	psect	cstackCOMRAM,global,class=COMRAM,space=1,delta=1,lowdata,noexec
     8                           	psect	text0,global,reloc=2,class=CODE,delta=1
     9                           	psect	text1,global,reloc=2,class=CODE,delta=1
    10                           	psect	intcode,global,reloc=2,class=CODE,delta=1
    11                           	psect	intsave_regs,global,class=BIGRAM,space=1,delta=1,noexec
    12                           	psect	rparam,global,class=COMRAM,space=1,delta=1,noexec
    13                           	psect	temp,global,ovrld,common,class=COMRAM,space=1,delta=1
    14                           	psect	idloc,global,abs,ovrld,class=IDLOC,space=5,delta=1,noexec
    15                           	psect	config,global,abs,ovrld,class=CONFIG,space=4,delta=1,noexec
    16  0000                     
    17                           ; Version 2.35
    18                           ; Generated 05/05/2021 GMT
    19                           ; 
    20                           ; Copyright © 2021, Microchip Technology Inc. and its subsidiaries ("Microchip")
    21                           ; All rights reserved.
    22                           ; 
    23                           ; This software is developed by Microchip Technology Inc. and its subsidiaries ("Microch
      +                          ip").
    24                           ; 
    25                           ; Redistribution and use in source and binary forms, with or without modification, are
    26                           ; permitted provided that the following conditions are met:
    27                           ; 
    28                           ;     1. Redistributions of source code must retain the above copyright notice, this lis
      +                          t of
    29                           ;        conditions and the following disclaimer.
    30                           ; 
    31                           ;     2. Redistributions in binary form must reproduce the above copyright notice, this 
      +                          list
    32                           ;        of conditions and the following disclaimer in the documentation and/or other
    33                           ;        materials provided with the distribution. Publication is not required when
    34                           ;        this file is used in an embedded application.
    35                           ; 
    36                           ;     3. Microchip's name may not be used to endorse or promote products derived from th
      +                          is
    37                           ;        software without specific prior written permission.
    38                           ; 
    39                           ; THIS SOFTWARE IS PROVIDED BY MICROCHIP "AS IS" AND ANY EXPRESS OR IMPLIED WARRANTIES,
    40                           ; INCLUDING, BUT NOT LIMITED TO, THE IMPLIED WARRANTIES OF MERCHANTABILITY AND FITNESS F
      +                          OR
    41                           ; PURPOSE ARE DISCLAIMED.  IN NO EVENT SHALL MICROCHIP BE LIABLE FOR ANY DIRECT, INDIREC
      +                          T,
    42                           ; INCIDENTAL, SPECIAL, EXEMPLARY, OR CONSEQUENTIAL DAMAGES (INCLUDING BUT NOT LIMITED TO
    43                           ; PROCUREMENT OF SUBSTITUTE GOODS OR SERVICES; LOSS OF USE, DATA OR PROFITS; OR BUSINESS
    44                           ; INTERRUPTION) HOWSOEVER CAUSED AND ON ANY THEORY OF LIABILITY, WHETHER IN CONTRACT, ST
      +                          RICT
    45                           ; LIABILITY, OR TORT (INCLUDING NEGLIGENCE OR OTHERWISE) ARISING IN ANY WAY OUT OF THE U
      +                          SE OF
    46                           ; THIS SOFTWARE, EVEN IF ADVISED OF THE POSSIBILITY OF SUCH DAMAGE.
    47                           ; 
    48                           ; 
    49                           ; Code-generator required, PIC18F44K22 Definitions
    50                           ; 
    51                           ; SFR Addresses
    52  0000                     _PSA	set	32427
    53  0000                     _T0SE	set	32428
    54  0000                     _T0CS	set	32429
    55  0000                     _T08BIT	set	32430
    56  0000                     _PEIE	set	32662
    57  0000                     _GIE	set	32663
    58  0000                     _TMR0IF	set	32658
    59  0000                     _TMR0IE	set	32661
    60  0000                     _INT0IF	set	32657
    61  0000                     _ANSELB	set	3897
    62  0000                     _PORTD	set	3971
    63  0000                     _INT0IE	set	32660
    64  0000                     _TRISB	set	3987
    65  0000                     _IPEN	set	32391
    66  0000                     _TMR0ON	set	32431
    67  0000                     _INTEDG0	set	32654
    68  0000                     _OSCCON	set	4051
    69  0000                     _TRISD	set	3989
    70                           
    71                           ; #config settings
    72                           
    73                           	psect	cinit
    74  0000C0                     __pcinit:
    75                           	callstack 0
    76  0000C0                     start_initialization:
    77                           	callstack 0
    78  0000C0                     __initialization:
    79                           	callstack 0
    80                           
    81                           ; Clear objects allocated to COMRAM (6 bytes)
    82  0000C0  6A06               	clrf	(__pbssCOMRAM+5)& (0+255),c
    83  0000C2  6A05               	clrf	(__pbssCOMRAM+4)& (0+255),c
    84  0000C4  6A04               	clrf	(__pbssCOMRAM+3)& (0+255),c
    85  0000C6  6A03               	clrf	(__pbssCOMRAM+2)& (0+255),c
    86  0000C8  6A02               	clrf	(__pbssCOMRAM+1)& (0+255),c
    87  0000CA  6A01               	clrf	__pbssCOMRAM& (0+255),c
    88  0000CC                     end_of_initialization:
    89                           	callstack 0
    90  0000CC                     __end_of__initialization:
    91                           	callstack 0
    92  0000CC  9007               	bcf	int$flags,0,c	;clear compiler interrupt flag (level 1)
    93  0000CE  9207               	bcf	int$flags,1,c	;clear compiler interrupt flag (level 2)
    94  0000D0  0100               	movlb	0
    95  0000D2  EF3E  F000         	goto	_main	;jump to C main() function
    96                           
    97                           	psect	bssCOMRAM
    98  000001                     __pbssCOMRAM:
    99                           	callstack 0
   100  000001                     _prev:
   101                           	callstack 0
   102  000001                     	ds	2
   103  000003                     _counter_prev:
   104                           	callstack 0
   105  000003                     	ds	2
   106  000005                     _counter:
   107                           	callstack 0
   108  000005                     	ds	2
   109                           
   110                           	psect	cstackCOMRAM
   111  000000                     __pcstackCOMRAM:
   112                           	callstack 0
   113  000000                     
   114                           ; 1 bytes @ 0x0
   115 ;;
   116 ;;Main: autosize = 0, tempsize = 0, incstack = 0, save=0
   117 ;;
   118 ;; *************** function _main *****************
   119 ;; Defined at:
   120 ;;		line 69 in file "main.c"
   121 ;; Parameters:    Size  Location     Type
   122 ;;		None
   123 ;; Auto vars:     Size  Location     Type
   124 ;;		None
   125 ;; Return value:  Size  Location     Type
   126 ;;                  1    wreg      void 
   127 ;; Registers used:
   128 ;;		wreg, status,2, status,0, cstack
   129 ;; Tracked objects:
   130 ;;		On entry : 0/0
   131 ;;		On exit  : 0/0
   132 ;;		Unchanged: 0/0
   133 ;; Data sizes:     COMRAM   BANK1   BANK2   BANK0
   134 ;;      Params:         0       0       0       0
   135 ;;      Locals:         0       0       0       0
   136 ;;      Temps:          0       0       0       0
   137 ;;      Totals:         0       0       0       0
   138 ;;Total ram usage:        0 bytes
   139 ;; Hardware stack levels required when called: 2
   140 ;; This function calls:
   141 ;;		_setup_timer_int
   142 ;; This function is called by:
   143 ;;		Startup code after reset
   144 ;; This function uses a non-reentrant model
   145 ;;
   146                           
   147                           	psect	text0
   148  00007C                     __ptext0:
   149                           	callstack 0
   150  00007C                     _main:
   151                           	callstack 29
   152  00007C                     
   153                           ;main.c: 70:             counter_prev = counter;
   154  00007C  50D3               	movf	211,w,c	;volatile
   155  00007E  0B8F               	andlw	143
   156  000080  0970               	iorlw	112
   157  000082  6ED3               	movwf	211,c	;volatile
   158  000084                     
   159                           ;main.c: 73:     }
   160  000084  6893               	setf	147,c	;volatile
   161  000086                     
   162                           ;main.c: 74: }
   163  000086  0E00               	movlw	0
   164  000088  010F               	movlb	15	; () banked
   165  00008A  6F39               	movwf	57,b	;volatile
   166  00008C                     
   167                           ; BSR set to: 15
   168  00008C  0E00               	movlw	0
   169  00008E  6E95               	movwf	149,c	;volatile
   170  000090                     
   171                           ; BSR set to: 15
   172  000090  EC6B  F000         	call	_setup_timer_int	;wreg free
   173  000094                     l776:
   174  000094  5005               	movf	_counter^0,w,c
   175  000096  1803               	xorwf	_counter_prev^0,w,c
   176  000098  E109               	bnz	u60
   177  00009A  5006               	movf	(_counter+1)^0,w,c
   178  00009C  1804               	xorwf	(_counter_prev+1)^0,w,c
   179  00009E  B4D8               	btfsc	status,2,c
   180  0000A0  EF54  F000         	goto	u61
   181  0000A4  EF56  F000         	goto	u60
   182  0000A8                     u61:
   183  0000A8  EF4A  F000         	goto	l776
   184  0000AC                     u60:
   185  0000AC  C005  FF83         	movff	_counter,3971	;volatile
   186  0000B0  C005  F003         	movff	_counter,_counter_prev
   187  0000B4  C006  F004         	movff	_counter+1,_counter_prev+1
   188  0000B8  EF4A  F000         	goto	l776
   189  0000BC  EF3C  F000         	goto	start
   190  0000C0                     __end_of_main:
   191                           	callstack 0
   192                           
   193 ;; *************** function _setup_timer_int *****************
   194 ;; Defined at:
   195 ;;		line 53 in file "main.c"
   196 ;; Parameters:    Size  Location     Type
   197 ;;		None
   198 ;; Auto vars:     Size  Location     Type
   199 ;;		None
   200 ;; Return value:  Size  Location     Type
   201 ;;                  1    wreg      void 
   202 ;; Registers used:
   203 ;;		None
   204 ;; Tracked objects:
   205 ;;		On entry : 0/0
   206 ;;		On exit  : 0/0
   207 ;;		Unchanged: 0/0
   208 ;; Data sizes:     COMRAM   BANK1   BANK2   BANK0
   209 ;;      Params:         0       0       0       0
   210 ;;      Locals:         0       0       0       0
   211 ;;      Temps:          0       0       0       0
   212 ;;      Totals:         0       0       0       0
   213 ;;Total ram usage:        0 bytes
   214 ;; Hardware stack levels used: 1
   215 ;; Hardware stack levels required when called: 1
   216 ;; This function calls:
   217 ;;		Nothing
   218 ;; This function is called by:
   219 ;;		_main
   220 ;; This function uses a non-reentrant model
   221 ;;
   222                           
   223                           	psect	text1
   224  0000D6                     __ptext1:
   225                           	callstack 0
   226  0000D6                     _setup_timer_int:
   227                           	callstack 29
   228  0000D6                     
   229                           ;main.c: 55:     OSCCON = (OSCCON & 0b10001111) | 0b01110000;
   230  0000D6  8ED5               	bsf	4053,7,c	;volatile
   231                           
   232                           ;main.c: 56: 
   233  0000D8  8CD5               	bsf	4053,6,c	;volatile
   234                           
   235                           ;main.c: 57: 
   236  0000DA  9AD5               	bcf	4053,5,c	;volatile
   237                           
   238                           ;main.c: 58:     TRISB = 0xFF;
   239  0000DC  98D5               	bcf	4053,4,c	;volatile
   240                           
   241                           ;main.c: 59:     ANSELB = 0x00;
   242  0000DE  86D5               	bsf	4053,3,c	;volatile
   243                           
   244                           ;main.c: 61: 
   245  0000E0  9EF2               	bcf	4082,7,c	;volatile
   246                           
   247                           ;main.c: 62:     TRISD = 0x00;
   248  0000E2  8CF2               	bsf	4082,6,c	;volatile
   249                           
   250                           ;main.c: 63:     setup_timer_int();
   251  0000E4  8AF2               	bsf	4082,5,c	;volatile
   252                           
   253                           ;main.c: 64: 
   254  0000E6  8ED0               	bsf	4048,7,c	;volatile
   255                           
   256                           ;main.c: 66:     while(1) {
   257  0000E8  8EF2               	bsf	4082,7,c	;volatile
   258  0000EA  0012               	return		;funcret
   259  0000EC                     __end_of_setup_timer_int:
   260                           	callstack 0
   261                           
   262 ;; *************** function _int0 *****************
   263 ;; Defined at:
   264 ;;		line 22 in file "main.c"
   265 ;; Parameters:    Size  Location     Type
   266 ;;		None
   267 ;; Auto vars:     Size  Location     Type
   268 ;;		None
   269 ;; Return value:  Size  Location     Type
   270 ;;                  1    wreg      void 
   271 ;; Registers used:
   272 ;;		wreg, status,2, status,0
   273 ;; Tracked objects:
   274 ;;		On entry : 0/0
   275 ;;		On exit  : 0/0
   276 ;;		Unchanged: 0/0
   277 ;; Data sizes:     COMRAM   BANK1   BANK2   BANK0
   278 ;;      Params:         0       0       0       0
   279 ;;      Locals:         0       0       0       0
   280 ;;      Temps:          0       0       0       0
   281 ;;      Totals:         0       0       0       0
   282 ;;Total ram usage:        0 bytes
   283 ;; Hardware stack levels used: 1
   284 ;; This function calls:
   285 ;;		Nothing
   286 ;; This function is called by:
   287 ;;		Interrupt level 2
   288 ;; This function uses a non-reentrant model
   289 ;;
   290                           
   291                           	psect	intcode
   292  000008                     __pintcode:
   293                           	callstack 0
   294  000008                     _int0:
   295                           	callstack 29
   296                           
   297                           ;incstack = 0
   298  000008  8207               	bsf	int$flags,1,c	;set compiler interrupt flag (level 2)
   299  00000A                     
   300                           ;main.c: 24:     }
   301  00000A  A8F2               	btfss	4082,4,c	;volatile
   302  00000C  EF0A  F000         	goto	i2u1_41
   303  000010  EF0C  F000         	goto	i2u1_40
   304  000014                     i2u1_41:
   305  000014  EF16  F000         	goto	i2l752
   306  000018                     i2u1_40:
   307  000018  A2F2               	btfss	4082,1,c	;volatile
   308  00001A  EF11  F000         	goto	i2u2_41
   309  00001E  EF13  F000         	goto	i2u2_40
   310  000022                     i2u2_41:
   311  000022  EF16  F000         	goto	i2l752
   312  000026                     i2u2_40:
   313  000026                     
   314                           ;main.c: 25: 
   315  000026  4A05               	infsnz	_counter^0,f,c
   316  000028  2A06               	incf	(_counter+1)^0,f,c
   317  00002A                     
   318                           ;main.c: 26: }
   319  00002A  92F2               	bcf	4082,1,c	;volatile
   320  00002C                     i2l752:
   321                           
   322                           ;main.c: 29:     GIE = 0;
   323  00002C  AAF2               	btfss	4082,5,c	;volatile
   324  00002E  EF1B  F000         	goto	i2u3_41
   325  000032  EF1D  F000         	goto	i2u3_40
   326  000036                     i2u3_41:
   327  000036  EF3A  F000         	goto	i2l51
   328  00003A                     i2u3_40:
   329  00003A  A4F2               	btfss	4082,2,c	;volatile
   330  00003C  EF22  F000         	goto	i2u4_41
   331  000040  EF24  F000         	goto	i2u4_40
   332  000044                     i2u4_41:
   333  000044  EF3A  F000         	goto	i2l51
   334  000048                     i2u4_40:
   335  000048                     
   336                           ;main.c: 30: 
   337  000048  94F2               	bcf	4082,2,c	;volatile
   338  00004A                     
   339                           ;main.c: 31: 
   340  00004A  BE02               	btfsc	(_prev+1)^0,7,c
   341  00004C  EF33  F000         	goto	i2u5_40
   342  000050  5002               	movf	(_prev+1)^0,w,c
   343  000052  E107               	bnz	i2u5_41
   344  000054  0E04               	movlw	4
   345  000056  5C01               	subwf	_prev^0,w,c
   346  000058  B0D8               	btfsc	status,0,c
   347  00005A  EF31  F000         	goto	i2u5_41
   348  00005E  EF33  F000         	goto	i2u5_40
   349  000062                     i2u5_41:
   350  000062  EF39  F000         	goto	i2l49
   351  000066                     i2u5_40:
   352  000066                     
   353                           ;main.c: 32:     INT0IE = 1;
   354  000066  4A01               	infsnz	_prev^0,f,c
   355  000068  2A02               	incf	(_prev+1)^0,f,c
   356  00006A                     
   357                           ;main.c: 33:     INTEDG0 = 0;
   358  00006A  0E18               	movlw	24
   359  00006C  6E83               	movwf	131,c	;volatile
   360                           
   361                           ;main.c: 34:     PEIE = 1;
   362  00006E  EF3A  F000         	goto	i2l51
   363  000072                     i2l49:
   364                           
   365                           ;main.c: 36: }
   366  000072  6883               	setf	131,c	;volatile
   367  000074                     i2l51:
   368  000074  9207               	bcf	int$flags,1,c	;clear compiler interrupt flag (level 2)
   369  000076  0011               	retfie		f
   370  000078                     __end_of_int0:
   371                           	callstack 0
   372  0000                     
   373                           	psect	rparam
   374  0000                     
   375                           	psect	temp
   376  000007                     btemp:
   377                           	callstack 0
   378  000007                     	ds	1
   379  0000                     int$flags	set	btemp
   380  0000                     wtemp8	set	btemp+1
   381  0000                     ttemp5	set	btemp+1
   382  0000                     ttemp6	set	btemp+4
   383  0000                     ttemp7	set	btemp+8
   384                           
   385                           	psect	idloc
   386                           
   387                           ;Config register IDLOC0 @ 0x200000
   388                           ;	unspecified, using default values
   389  200000                     	org	2097152
   390  200000  FF                 	db	255
   391                           
   392                           ;Config register IDLOC1 @ 0x200001
   393                           ;	unspecified, using default values
   394  200001                     	org	2097153
   395  200001  FF                 	db	255
   396                           
   397                           ;Config register IDLOC2 @ 0x200002
   398                           ;	unspecified, using default values
   399  200002                     	org	2097154
   400  200002  FF                 	db	255
   401                           
   402                           ;Config register IDLOC3 @ 0x200003
   403                           ;	unspecified, using default values
   404  200003                     	org	2097155
   405  200003  FF                 	db	255
   406                           
   407                           ;Config register IDLOC4 @ 0x200004
   408                           ;	unspecified, using default values
   409  200004                     	org	2097156
   410  200004  FF                 	db	255
   411                           
   412                           ;Config register IDLOC5 @ 0x200005
   413                           ;	unspecified, using default values
   414  200005                     	org	2097157
   415  200005  FF                 	db	255
   416                           
   417                           ;Config register IDLOC6 @ 0x200006
   418                           ;	unspecified, using default values
   419  200006                     	org	2097158
   420  200006  FF                 	db	255
   421                           
   422                           ;Config register IDLOC7 @ 0x200007
   423                           ;	unspecified, using default values
   424  200007                     	org	2097159
   425  200007  FF                 	db	255
   426                           
   427                           	psect	config
   428                           
   429                           ; Padding undefined space
   430  300000                     	org	3145728
   431  300000  FF                 	db	255
   432                           
   433                           ;Config register CONFIG1H @ 0x300001
   434                           ;	Oscillator Selection bits
   435                           ;	FOSC = INTIO7, Internal oscillator block, CLKOUT function on OSC2
   436                           ;	4X PLL Enable
   437                           ;	PLLCFG = 0x0, unprogrammed default
   438                           ;	Primary clock enable bit
   439                           ;	PRICLKEN = 0x1, unprogrammed default
   440                           ;	Fail-Safe Clock Monitor Enable bit
   441                           ;	FCMEN = ON, Fail-Safe Clock Monitor enabled
   442                           ;	Internal/External Oscillator Switchover bit
   443                           ;	IESO = 0x0, unprogrammed default
   444  300001                     	org	3145729
   445  300001  69                 	db	105
   446                           
   447                           ;Config register CONFIG2L @ 0x300002
   448                           ;	unspecified, using default values
   449                           ;	Power-up Timer Enable bit
   450                           ;	PWRTEN = 0x1, unprogrammed default
   451                           ;	Brown-out Reset Enable bits
   452                           ;	BOREN = 0x3, unprogrammed default
   453                           ;	Brown Out Reset Voltage bits
   454                           ;	BORV = 0x3, unprogrammed default
   455  300002                     	org	3145730
   456  300002  1F                 	db	31
   457                           
   458                           ;Config register CONFIG2H @ 0x300003
   459                           ;	Watchdog Timer Enable bits
   460                           ;	WDTEN = OFF, Watch dog timer is always disabled. SWDTEN has no effect.
   461                           ;	Watchdog Timer Postscale Select bits
   462                           ;	WDTPS = 0xF, unprogrammed default
   463  300003                     	org	3145731
   464  300003  3C                 	db	60
   465                           
   466                           ; Padding undefined space
   467  300004                     	org	3145732
   468  300004  FF                 	db	255
   469                           
   470                           ;Config register CONFIG3H @ 0x300005
   471                           ;	CCP2 MUX bit
   472                           ;	CCP2MX = 0x1, unprogrammed default
   473                           ;	PORTB A/D Enable bit
   474                           ;	PBADEN = 0x1, unprogrammed default
   475                           ;	P3A/CCP3 Mux bit
   476                           ;	CCP3MX = 0x1, unprogrammed default
   477                           ;	HFINTOSC Fast Start-up
   478                           ;	HFOFST = 0x1, unprogrammed default
   479                           ;	Timer3 Clock input mux bit
   480                           ;	T3CMX = 0x1, unprogrammed default
   481                           ;	ECCP2 B output mux bit
   482                           ;	P2BMX = 0x1, unprogrammed default
   483                           ;	MCLR Pin Enable bit
   484                           ;	MCLRE = EXTMCLR, MCLR pin enabled, RE3 input pin disabled
   485  300005                     	org	3145733
   486  300005  BF                 	db	191
   487                           
   488                           ;Config register CONFIG4L @ 0x300006
   489                           ;	unspecified, using default values
   490                           ;	Stack Full/Underflow Reset Enable bit
   491                           ;	STVREN = 0x1, unprogrammed default
   492                           ;	Single-Supply ICSP Enable bit
   493                           ;	LVP = 0x1, unprogrammed default
   494                           ;	Extended Instruction Set Enable bit
   495                           ;	XINST = 0x0, unprogrammed default
   496                           ;	Background Debug
   497                           ;	DEBUG = 0x1, unprogrammed default
   498  300006                     	org	3145734
   499  300006  85                 	db	133
   500                           
   501                           ; Padding undefined space
   502  300007                     	org	3145735
   503  300007  FF                 	db	255
   504                           
   505                           ;Config register CONFIG5L @ 0x300008
   506                           ;	unspecified, using default values
   507                           ;	Code Protection Block 0
   508                           ;	CP0 = 0x1, unprogrammed default
   509                           ;	Code Protection Block 1
   510                           ;	CP1 = 0x1, unprogrammed default
   511  300008                     	org	3145736
   512  300008  03                 	db	3
   513                           
   514                           ;Config register CONFIG5H @ 0x300009
   515                           ;	unspecified, using default values
   516                           ;	Boot Block Code Protection bit
   517                           ;	CPB = 0x1, unprogrammed default
   518                           ;	Data EEPROM Code Protection bit
   519                           ;	CPD = 0x1, unprogrammed default
   520  300009                     	org	3145737
   521  300009  C0                 	db	192
   522                           
   523                           ;Config register CONFIG6L @ 0x30000A
   524                           ;	unspecified, using default values
   525                           ;	Write Protection Block 0
   526                           ;	WRT0 = 0x1, unprogrammed default
   527                           ;	Write Protection Block 1
   528                           ;	WRT1 = 0x1, unprogramm   529  30000A                     	org	3145738
   530  30000A  03                 	db	3
   531                           
   532                           ;Config register CONFIG6H @ 0x30000B
   533                           ;	unspecified, using default values
   534                           ;	Configuration Register Write Protection bit
   535                           ;	WRTC = 0x1, unprogrammed default
   536                           ;	Boot Block Write Protection bit
   537                           ;	WRTB = 0x1, unprogrammed default
   538                           ;	Data EEPROM Write Protection bit
   539                           ;	WRTD = 0x1, unprogrammed default
   540  30000B                     	org	3145739
   541  30000B  E0                 	db	224
   542                           
   543                           ;Config register CONFIG7L @ 0x30000C
   544                           ;	unspecified, using default values
   545                           ;	Table Read Protection Block 0
   546                           ;	EBTR0 = 0x1, unprogrammed default
   547                           ;	Table Read Protection Block 1
   548                           ;	EBTR1 = 0x1, unprogrammed default
   549  30000C                     	org	3145740
   550  30000C  03                 	db	3
   551                           
   552                           ;Config register CONFIG7H @ 0x30000D
   553                           ;	unspecified, using default values
   554                           ;	Boot Block Table Read Protection bit
   555                           ;	EBTRB = 0x1, unprogrammed default
   556  30000D                     	org	3145741
   557  30000D  40                 	db	64
   558                           tosu	equ	0xFFF
   559                           tosh	equ	0xFFE
   560                           tosl	equ	0xFFD
   561                           stkptr	equ	0xFFC
   562                           pclatu	equ	0xFFB
   563                           pclath	equ	0xFFA
   564                           pcl	equ	0xFF9
   565                           tblptru	equ	0xFF8
   566                           tblptrh	equ	0xFF7
   567                           tblptrl	equ	0xFF6
   568                           tablat	equ	0xFF5
   569                           prodh	equ	0xFF4
   570                           prodl	equ	0xFF3
   571                           indf0	equ	0xFEF
   572                           postinc0	equ	0xFEE
   573                           postdec0	equ	0xFED
   574                           preinc0	equ	0xFEC
   575                           plusw0	equ	0xFEB
   576                           fsr0h	equ	0xFEA
   577                           fsr0l	equ	0xFE9
   578                           wreg	equ	0xFE8
   579                           indf1	equ	0xFE7
   580                           postinc1	equ	0xFE6
   581                           postdec1	equ	0xFE5
   582                           preinc1	equ	0xFE4
   583                           plusw1	equ	0xFE3
   584                           fsr1h	equ	0xFE2
   585                           fsr1l	equ	0xFE1
   586                           bsr	equ	0xFE0
   587                           indf2	equ	0xFDF
   588                           postinc2	equ	0xFDE
   589                           postdec2	equ	0xFDD
   590                           preinc2	equ	0xFDC
   591                           plusw2	equ	0xFDB
   592                           fsr2h	equ	0xFDA
   593                           fsr2l	equ	0xFD9
   594                           status	equ	0xFD8

Data Sizes:
    Strings     0
    Constant    0
    Data        0
    BSS         6
    Persistent  0
    Stack       0

Auto Spaces:
    Space          Size  Autos    Used
    COMRAM           94      0       6
    BANK1           256      0       0
    BANK2           256      0       0
    BANK0           160      0       0

Pointer List with Targets:

    None.

Critical Paths under _main in COMRAM

    None.

Critical Paths under _int0 in COMRAM

    None.

Critical Paths under _main in BANK1

    None.

Critical Paths under _int0 in BANK1

    None.

Critical Paths under _main in BANK2

    None.

Critical Paths under _int0 in BANK2

    None.

Critical Paths under _main in BANK0

    None.

Critical Paths under _int0 in BANK0

    None.

Call Graph Tables:

 ---------------------------------------------------------------------------------
 (Depth) Function   	        Calls       Base Space   Used Autos Params    Refs
 ---------------------------------------------------------------------------------
 (0) _main                                                 0     0      0       0
                    _setup_timer_int
 ---------------------------------------------------------------------------------
 (1) _setup_timer_int                                      0     0      0       0
 ---------------------------------------------------------------------------------
 Estimated maximum stack depth 1
 ---------------------------------------------------------------------------------
 (Depth) Function   	        Calls       Base Space   Used Autos Params    Refs
 ---------------------------------------------------------------------------------
 (2) _int0                                                 0     0      0       0
 ---------------------------------------------------------------------------------
 Estimated maximum stack depth 2
 ---------------------------------------------------------------------------------

 Call Graph Graphs:

 _main (ROOT)
   _setup_timer_int

 _int0 (ROOT)

 Address spaces:
Name               Size   Autos  Total    Cost      Usage
BIGRAM             2FF      0       0      19        0.0%
EEDATA             100      0       0       0        0.0%
BITBANK2           100      0       0       8        0.0%
BANK2              100      0       0       4        0.0%
BITBANK1           100      0       0       7        0.0%
BANK1              100      0       0       3        0.0%
BITBANK0            A0      0       0       5        0.0%
BANK0               A0      0       0       6        0.0%
BITCOMRAM           5E      0       0       0        0.0%
COMRAM              5E      0       6       1        6.4%
BITBIGSFRllh        49      0       0      16        0.0%
BITBIGSFRlhllhh     3A      0       0      13        0.0%
BITBIGSFRlhh        1B      0       0      10        0.0%
BITBIGSFRlhlll       F      0       0      15        0.0%
BITBIGSFRh           A      0       0       9        0.0%
BITBIGSFRlhlhl       2      0       0      12        0.0%
BITBIGSFRlhllhl      1      0       0      14        0.0%
BITBIGSFRlhlhh       1      0       0      11        0.0%
BITBIGSFRlll         1      0       0      17        0.0%
BIGSFR               0      0       0     200        0.0%
BITSFR_1             0      0       0     200        0.0%
SFR_1                0      0       0     200        0.0%
BITSFR               0      0       0     200        0.0%
SFR                  0      0       0     200        0.0%
STACK                0      0       0       2        0.0%
NULL                 0      0       0       0        0.0%
ABS                  0      0       6      18        0.0%
DATA                 0      0       6      20        0.0%
CODE                 0      0       0       0        0.0%


Microchip Technology PIC18 Macro Assembler V2.36 build 20220127204148 
Symbol Table                                                                                   Thu Mar 10 15:37:33 2022

                     l57 00EA                       u60 00AC                       u61 00A8  
                    l742 00D6                      l770 0086                      l772 008C  
                    l774 0090                      l766 007C                      l776 0094  
                    l768 0084                      l778 00AC                      _GIE 007F97  
                    _PSA 007EAB                     _T0CS 007EAD                     _T0SE 007EAC  
                   _IPEN 007E87                     _PEIE 007F96                     i2l51 0074  
                   i2l49 0072                     _int0 0008                     _main 007C  
                   _prev 0001                     btemp 0007                     start 0078  
           ___param_bank 000000                    ?_int0 0000                    ?_main 0000  
                  i2l750 002A                    i2l760 0066                    i2l752 002C  
                  i2l744 000A                    i2l762 006A                    i2l754 003A  
                  i2l746 0018                    i2l756 0048                    i2l748 0026  
                  i2l758 004A                    _PORTD 000F83                    _TRISB 000F93  
                  _TRISD 000F95                    ttemp5 0008                    ttemp6 000B  
                  ttemp7 000F                    status 000FD8                    wtemp8 0008  
        __initialization 00C0             __end_of_int0 0078             __end_of_main 00C0  
                 ??_int0 0000                   ??_main 0000            __activetblptr 000000  
                 _T08BIT 007EAE                   _ANSELB 000F39                   _INT0IE 007F94  
                 _INT0IF 007F91                   _OSCCON 000FD3                   _TMR0IE 007F95  
                 _TMR0IF 007F92                   _TMR0ON 007EAF                   i2u1_40 0018  
                 i2u1_41 0014                   i2u2_40 0026                   i2u2_41 0022  
                 i2u3_40 003A                   i2u3_41 0036                   i2u4_40 0048  
                 i2u4_41 0044                   i2u5_40 0066                   i2u5_41 0062  
                 isa$std 000001               __accesstop 0060  __end_of__initialization 00CC  
          ___rparam_used 000001           __pcstackCOMRAM 0000                  _INTEDG0 007F8E  
                __Hparam 0000                  __Lparam 0000                  __pcinit 00C0  
                __ramtop 0300                  __ptext0 007C                  __ptext1 00D6  
                _counter 0005     end_of_initialization 00CC        ??_setup_timer_int 0000  
    start_initialization 00C0             _counter_prev 0003              __pbssCOMRAM 0001  
              __pintcode 0008          _setup_timer_int 00D6                 __Hrparam 0000  
               __Lrparam 0000  __end_of_setup_timer_int 00EC                 isa$xinst 000000  
               int$flags 0007                 intlevel2 0000         ?_setup_timer_int 0000  
